c:\users\christopher davis\documents\visual studio 2015\projects\openglscene\debug\vc140.pdb
c:\users\christopher davis\documents\visual studio 2015\projects\openglscene\debug\vc140.idb
c:\users\christopher davis\documents\visual studio 2015\projects\openglscene\debug\camera.obj
c:\users\christopher davis\documents\visual studio 2015\projects\openglscene\debug\directionallight.obj
c:\users\christopher davis\documents\visual studio 2015\projects\openglscene\debug\light.obj
c:\users\christopher davis\documents\visual studio 2015\projects\openglscene\debug\main.obj
c:\users\christopher davis\documents\visual studio 2015\projects\openglscene\debug\material.obj
c:\users\christopher davis\documents\visual studio 2015\projects\openglscene\debug\mesh.obj
c:\users\christopher davis\documents\visual studio 2015\projects\openglscene\debug\model.obj
c:\users\christopher davis\documents\visual studio 2015\projects\openglscene\debug\omnishadowmap.obj
c:\users\christopher davis\documents\visual studio 2015\projects\openglscene\debug\pointlight.obj
c:\users\christopher davis\documents\visual studio 2015\projects\openglscene\debug\shader.obj
c:\users\christopher davis\documents\visual studio 2015\projects\openglscene\debug\shadowmap.obj
c:\users\christopher davis\documents\visual studio 2015\projects\openglscene\debug\skybox.obj
c:\users\christopher davis\documents\visual studio 2015\projects\openglscene\debug\spotlight.obj
c:\users\christopher davis\documents\visual studio 2015\projects\openglscene\debug\texture.obj
c:\users\christopher davis\documents\visual studio 2015\projects\openglscene\debug\window.obj
c:\users\christopher davis\documents\visual studio 2015\projects\openglscene\debug\openglscene.ilk
c:\users\christopher davis\documents\visual studio 2015\projects\openglscene\debug\openglscene.exe
c:\users\christopher davis\documents\visual studio 2015\projects\openglscene\debug\openglscene.pdb
c:\users\christopher davis\documents\visual studio 2015\projects\openglscene\debug\openglscene.tlog\cl.command.1.tlog
c:\users\christopher davis\documents\visual studio 2015\projects\openglscene\debug\openglscene.tlog\cl.read.1.tlog
c:\users\christopher davis\documents\visual studio 2015\projects\openglscene\debug\openglscene.tlog\cl.write.1.tlog
c:\users\christopher davis\documents\visual studio 2015\projects\openglscene\debug\openglscene.tlog\link.command.1.tlog
c:\users\christopher davis\documents\visual studio 2015\projects\openglscene\debug\openglscene.tlog\link.read.1.tlog
c:\users\christopher davis\documents\visual studio 2015\projects\openglscene\debug\openglscene.tlog\link.write.1.tlog
